# JRE version: OpenJDK Runtime Environment (8.0_242-b01) (build 1.8.0_242-release-1644-b01)
# Java VM: OpenJDK 64-Bit Server VM (25.242-b01 mixed mode windows-amd64 compressed oops)
Heap:
 PSYoungGen      total 546816K, used 126875K [0x00000000d5580000, 0x00000000fbc80000, 0x0000000100000000)
  eden space 470016K, 19% used [0x00000000d5580000,0x00000000daf8a0b0,0x00000000f2080000)
  from space 76800K, 45% used [0x00000000f7180000,0x00000000f935cc18,0x00000000fbc80000)
  to   space 79872K, 0% used [0x00000000f2080000,0x00000000f2080000,0x00000000f6e80000)
 ParOldGen       total 418304K, used 110637K [0x0000000080000000, 0x0000000099880000, 0x00000000d5580000)
  object space 418304K, 26% used [0x0000000080000000,0x0000000086c0b678,0x0000000099880000)
 Metaspace       used 184903K, capacity 193536K, committed 193920K, reserved 1216512K
  class space    used 24113K, capacity 25865K, committed 26036K, reserved 1048576K
GC Heap History (10 events):
Event: 4661.874 GC heap before
{Heap before GC invocations=29 (full 4):
 PSYoungGen      total 442880K, used 277981K [0x00000000d5580000, 0x00000000f6280000, 0x0000000100000000)
  eden space 385024K, 57% used [0x00000000d5580000,0x00000000e2c7bd50,0x00000000ecd80000)
  from space 57856K, 99% used [0x00000000f1100000,0x00000000f497b848,0x00000000f4980000)
  to   space 69120K, 0% used [0x00000000ecd80000,0x00000000ecd80000,0x00000000f1100000)
 ParOldGen       total 289792K, used 86169K [0x0000000080000000, 0x0000000091b00000, 0x00000000d5580000)
  object space 289792K, 29% used [0x0000000080000000,0x0000000085426710,0x0000000091b00000)
 Metaspace       used 156513K, capacity 163882K, committed 163968K, reserved 1191936K
  class space    used 20409K, capacity 21937K, committed 21940K, reserved 1048576K
Event: 4661.894 GC heap after
Heap after GC invocations=29 (full 4):
 PSYoungGen      total 454144K, used 56141K [0x00000000d5580000, 0x00000000f8580000, 0x0000000100000000)
  eden space 385024K, 0% used [0x00000000d5580000,0x00000000d5580000,0x00000000ecd80000)
  from space 69120K, 81% used [0x00000000ecd80000,0x00000000f04536b8,0x00000000f1100000)
  to   space 75264K, 0% used [0x00000000f3c00000,0x00000000f3c00000,0x00000000f8580000)
 ParOldGen       total 289792K, used 91902K [0x0000000080000000, 0x0000000091b00000, 0x00000000d5580000)
  object space 289792K, 31% used [0x0000000080000000,0x00000000859bfa10,0x0000000091b00000)
 Metaspace       used 156513K, capacity 163882K, committed 163968K, reserved 1191936K
  class space    used 20409K, capacity 21937K, committed 21940K, reserved 1048576K
}
Event: 4661.894 GC heap before
{Heap before GC invocations=30 (full 5):
 PSYoungGen      total 454144K, used 56141K [0x00000000d5580000, 0x00000000f8580000, 0x0000000100000000)
  eden space 385024K, 0% used [0x00000000d5580000,0x00000000d5580000,0x00000000ecd80000)
  from space 69120K, 81% used [0x00000000ecd80000,0x00000000f04536b8,0x00000000f1100000)
  to   space 75264K, 0% used [0x00000000f3c00000,0x00000000f3c00000,0x00000000f8580000)
 ParOldGen       total 289792K, used 91902K [0x0000000080000000, 0x0000000091b00000, 0x00000000d5580000)
  object space 289792K, 31% used [0x0000000080000000,0x00000000859bfa10,0x0000000091b00000)
 Metaspace       used 156513K, capacity 163882K, committed 163968K, reserved 1191936K
  class space    used 20409K, capacity 21937K, committed 21940K, reserved 1048576K
Event: 4662.047 GC heap after
Heap after GC invocations=30 (full 5):
 PSYoungGen      total 454144K, used 0K [0x00000000d5580000, 0x00000000f8580000, 0x0000000100000000)
  eden space 385024K, 0% used [0x00000000d5580000,0x00000000d5580000,0x00000000ecd80000)
  from space 69120K, 0% used [0x00000000ecd80000,0x00000000ecd80000,0x00000000f1100000)
  to   space 75264K, 0% used [0x00000000f3c00000,0x00000000f3c00000,0x00000000f8580000)
 ParOldGen       total 418304K, used 102628K [0x0000000080000000, 0x0000000099880000, 0x00000000d5580000)
  object space 418304K, 24% used [0x0000000080000000,0x0000000086439188,0x0000000099880000)
 Metaspace       used 155995K, capacity 162552K, committed 163968K, reserved 1191936K
  class space    used 20245K, capacity 21617K, committed 21940K, reserved 1048576K
}
Event: 4862.114 GC heap before
{Heap before GC invocations=31 (full 5):
 PSYoungGen      total 454144K, used 385024K [0x00000000d5580000, 0x00000000f8580000, 0x0000000100000000)
  eden space 385024K, 100% used [0x00000000d5580000,0x00000000ecd80000,0x00000000ecd80000)
  from space 69120K, 0% used [0x00000000ecd80000,0x00000000ecd80000,0x00000000f1100000)
  to   space 75264K, 0% used [0x00000000f3c00000,0x00000000f3c00000,0x00000000f8580000)
 ParOldGen       total 418304K, used 102628K [0x0000000080000000, 0x0000000099880000, 0x00000000d5580000)
  object space 418304K, 24% used [0x0000000080000000,0x0000000086439188,0x0000000099880000)
 Metaspace       used 169995K, capacity 177168K, committed 177536K, reserved 1204224K
  class space    used 22078K, capacity 23559K, committed 23732K, reserved 1048576K
Event: 4862.131 GC heap after
Heap after GC invocations=31 (full 5):
 PSYoungGen      total 489984K, used 31398K [0x00000000d5580000, 0x00000000f7d80000, 0x0000000100000000)
  eden space 422912K, 0% used [0x00000000d5580000,0x00000000d5580000,0x00000000ef280000)
  from space 67072K, 46% used [0x00000000f3c00000,0x00000000f5aa9bf0,0x00000000f7d80000)
  to   space 71168K, 0% used [0x00000000ef280000,0x00000000ef280000,0x00000000f3800000)
 ParOldGen       total 418304K, used 102636K [0x0000000080000000, 0x0000000099880000, 0x00000000d5580000)
  object space 418304K, 24% used [0x0000000080000000,0x000000008643b188,0x0000000099880000)
 Metaspace       used 169995K, capacity 177168K, committed 177536K, reserved 1204224K
  class space    used 22078K, capacity 23559K, committed 23732K, reserved 1048576K
}
Event: 4868.317 GC heap before
{Heap before GC invocations=32 (full 5):
 PSYoungGen      total 489984K, used 454310K [0x00000000d5580000, 0x00000000f7d80000, 0x0000000100000000)
  eden space 422912K, 100% used [0x00000000d5580000,0x00000000ef280000,0x00000000ef280000)
  from space 67072K, 46% used [0x00000000f3c00000,0x00000000f5aa9bf0,0x00000000f7d80000)
  to   space 71168K, 0% used [0x00000000ef280000,0x00000000ef280000,0x00000000f3800000)
 ParOldGen       total 418304K, used 102636K [0x0000000080000000, 0x0000000099880000, 0x00000000d5580000)
  object space 418304K, 24% used [0x0000000080000000,0x000000008643b188,0x0000000099880000)
 Metaspace       used 179340K, capacity 187124K, committed 187392K, reserved 1212416K
  class space    used 23395K, capacity 24971K, committed 25140K, reserved 1048576K
Event: 4868.357 GC heap after
Heap after GC invocations=32 (full 5):
 PSYoungGen      total 494080K, used 71148K [0x00000000d5580000, 0x00000000fc400000, 0x0000000100000000)
  eden space 422912K, 0% used [0x00000000d5580000,0x00000000d5580000,0x00000000ef280000)
  from space 71168K, 99% used [0x00000000ef280000,0x00000000f37fb1e0,0x00000000f3800000)
  to   space 84480K, 0% used [0x00000000f7180000,0x00000000f7180000,0x00000000fc400000)
 ParOldGen       total 418304K, used 110629K [0x0000000080000000, 0x0000000099880000, 0x00000000d5580000)
  object space 418304K, 26% used [0x0000000080000000,0x0000000086c09678,0x0000000099880000)
 Metaspace       used 179340K, capacity 187124K, committed 187392K, reserved 1212416K
  class space    used 23395K, capacity 24971K, committed 25140K, reserved 1048576K
}
Event: 4872.364 GC heap before
{Heap before GC invocations=33 (full 5):
 PSYoungGen      total 494080K, used 494060K [0x00000000d5580000, 0x00000000fc400000, 0x0000000100000000)
  eden space 422912K, 100% used [0x00000000d5580000,0x00000000ef280000,0x00000000ef280000)
  from space 71168K, 99% used [0x00000000ef280000,0x00000000f37fb1e0,0x00000000f3800000)
  to   space 84480K, 0% used [0x00000000f7180000,0x00000000f7180000,0x00000000fc400000)
 ParOldGen       total 418304K, used 110629K [0x0000000080000000, 0x0000000099880000, 0x00000000d5580000)
  object space 418304K, 26% used [0x0000000080000000,0x0000000086c09678,0x0000000099880000)
 Metaspace       used 184763K, capacity 193438K, committed 193536K, reserved 1216512K
  class space    used 24112K, capacity 25862K, committed 25908K, reserved 1048576K
Event: 4872.386 GC heap after
Heap after GC invocations=33 (full 5):
 PSYoungGen      total 546816K, used 34675K [0x00000000d5580000, 0x00000000fbc80000, 0x0000000100000000)
  eden space 470016K, 0% used [0x00000000d5580000,0x00000000d5580000,0x00000000f2080000)
  from space 76800K, 45% used [0x00000000f7180000,0x00000000f935cc18,0x00000000fbc80000)
  to   space 79872K, 0% used [0x00000000f2080000,0x00000000f2080000,0x00000000f6e80000)
 ParOldGen       total 418304K, used 110637K [0x0000000080000000, 0x0000000099880000, 0x00000000d5580000)
  object space 418304K, 26% used [0x0000000080000000,0x0000000086c0b678,0x0000000099880000)
 Metaspace       used 184763K, capacity 193438K, committed 193536K, reserved 1216512K
  class space    used 24112K, capacity 25862K, committed 25908K, reserved 1048576K
}

